<?xml version="1.0" encoding="UTF-8"?><testsuite errors="1" failures="0" name="Academy Choucair" skipped="0" tests="1" time="20.65" timestamp="2021-01-16 03:46:44"><testcase name="Search for a automation course"><error type="java.lang.NullPointerException"/><system-err>null&#13;
co.com.choucair.certification.proyectobase.tasks.Search.the(Search.java:15)&#13;
co.com.choucair.certification.proyectobase.stepdefinitions.ChoucairAcademyStepDefinitions.heSearchForTheCourseRecursosAtomatizacionBancolombiaOnTheChoucairAcademyPlatform(ChoucairAcademyStepDefinitions.java:28)&#13;
✽.he search for the course Recursos Atomatizacion Bancolombia on the Choucair Academy platform(src/test/resources/features/academyChoucair.feature:8)&#13;
</system-err></testcase></testsuite>